Unity Editor version:    2020.3.33f1 (915a7af8b0d5)
Branch:                  2020.3/staging
Build type:              Release
Batch mode:              YES
macOS version:           Version 10.15.7 (Build 19H1715)
Darwin version:          19.6.0
Architecture:            x86_64
Running under Rosetta:   NO
Available memory:        16384 MB
Using pre-set license
Pro License: NO

COMMAND LINE ARGUMENTS:
/Applications/Unity/Hub/Editor/2020.3.33f1/Unity.app/Contents/MacOS/Unity
-adb2
-batchMode
-noUpm
-name
AssetImportWorker0
-projectPath
/Users/clarkmahaffey/Downloads/PiratePurgatory
-logFile
Logs/AssetImportWorker0.log
-srvPort
55084
Successfully changed project path to: /Users/clarkmahaffey/Downloads/PiratePurgatory
/Users/clarkmahaffey/Downloads/PiratePurgatory
Using Asset Import Pipeline V2.
Refreshing native plugins compatible for Editor in 103.87 ms, found 2 plugins.
Preloading 0 native plugins for Editor in 0.00 ms.
Initialize engine version: 2020.3.33f1 (915a7af8b0d5)
[Subsystems] Discovering subsystems at path /Applications/Unity/Hub/Editor/2020.3.33f1/Unity.app/Contents/Resources/UnitySubsystems
[Subsystems] Discovering subsystems at path /Users/clarkmahaffey/Downloads/PiratePurgatory/Assets
GfxDevice: creating device client; threaded=0
2022-05-03 22:18:03.802 Unity[5990:5306646] Color LCD preferred device: Intel(R) Iris(TM) Plus Graphics 655 (low power)
2022-05-03 22:18:03.802 Unity[5990:5306646] Metal devices available: 1
2022-05-03 22:18:03.802 Unity[5990:5306646] 0: Intel(R) Iris(TM) Plus Graphics 655 (low power)
2022-05-03 22:18:03.802 Unity[5990:5306646] Using device Intel(R) Iris(TM) Plus Graphics 655 (low power)
Initializing Metal device caps: Intel(R) Iris(TM) Plus Graphics 655
Initialize mono
Mono path[0] = '/Applications/Unity/Hub/Editor/2020.3.33f1/Unity.app/Contents/Managed'
Mono path[1] = '/Applications/Unity/Hub/Editor/2020.3.33f1/Unity.app/Contents/MonoBleedingEdge/lib/mono/unityjit'
Mono config path = '/Applications/Unity/Hub/Editor/2020.3.33f1/Unity.app/Contents/MonoBleedingEdge/etc'
Using monoOptions --debugger-agent=transport=dt_socket,embedding=1,server=y,suspend=n,address=127.0.0.1:56990
Begin MonoManager ReloadAssembly
Registering precompiled unity dll's ...
Register platform support module: /Applications/Unity/Hub/Editor/2020.3.33f1/Unity.app/Contents/PlaybackEngines/MacStandaloneSupport/UnityEditor.OSXStandalone.Extensions.dll
Registered in 0.002116 seconds.
Native extension for OSXStandalone target not found
Refreshing native plugins compatible for Editor in 95.12 ms, found 2 plugins.
Preloading 0 native plugins for Editor in 0.00 ms.
Mono: successfully reloaded assembly
- Completed reload, in  0.763 seconds
Domain Reload Profiling:
	ReloadAssembly (763ms)
		BeginReloadAssembly (87ms)
			ExecutionOrderSort (0ms)
			DisableScriptedObjects (0ms)
			BackupInstance (0ms)
			ReleaseScriptingObjects (0ms)
			CreateAndSetChildDomain (1ms)
		EndReloadAssembly (586ms)
			LoadAssemblies (87ms)
			RebuildTransferFunctionScriptingTraits (0ms)
			SetupTypeCache (199ms)
			ReleaseScriptCaches (0ms)
			RebuildScriptCaches (43ms)
			SetupLoadedEditorAssemblies (250ms)
				LogAssemblyErrors (0ms)
				InitializePlatformSupportModulesInManaged (4ms)
				SetLoadedEditorAssemblies (0ms)
				RefreshPlugins (95ms)
				BeforeProcessingInitializeOnLoad (8ms)
				ProcessInitializeOnLoadAttributes (112ms)
				ProcessInitializeOnLoadMethodAttributes (30ms)
				AfterProcessingInitializeOnLoad (0ms)
				EditorAssembliesLoaded (0ms)
			ExecutionOrderSort2 (0ms)
			AwakeInstancesAfterBackupRestoration (0ms)
Platform modules already initialized, skipping
Registering precompiled user dll's ...
Registered in 0.005446 seconds.
Begin MonoManager ReloadAssembly
Symbol file LoadedFromMemory doesn't match image /Users/clarkmahaffey/Downloads/PiratePurgatory/Library/PackageCache/com.unity.collab-proxy@1.15.15/Lib/Editor/PlasticSCM/unityplastic.dll
Native extension for OSXStandalone target not found
Refreshing native plugins compatible for Editor in 160.34 ms, found 2 plugins.
Preloading 0 native plugins for Editor in 0.00 ms.
Mono: successfully reloaded assembly
- Completed reload, in  2.378 seconds
Domain Reload Profiling:
	ReloadAssembly (2380ms)
		BeginReloadAssembly (161ms)
			ExecutionOrderSort (0ms)
			DisableScriptedObjects (5ms)
			BackupInstance (0ms)
			ReleaseScriptingObjects (0ms)
			CreateAndSetChildDomain (37ms)
		EndReloadAssembly (2146ms)
			LoadAssemblies (129ms)
			RebuildTransferFunctionScriptingTraits (0ms)
			SetupTypeCache (513ms)
			ReleaseScriptCaches (1ms)
			RebuildScriptCaches (139ms)
			SetupLoadedEditorAssemblies (1185ms)
				LogAssemblyErrors (0ms)
				InitializePlatformSupportModulesInManaged (5ms)
				SetLoadedEditorAssemblies (0ms)
				RefreshPlugins (160ms)
				BeforeProcessingInitializeOnLoad (127ms)
				ProcessInitializeOnLoadAttributes (544ms)
				ProcessInitializeOnLoadMethodAttributes (346ms)
				AfterProcessingInitializeOnLoad (2ms)
				EditorAssembliesLoaded (0ms)
			ExecutionOrderSort2 (0ms)
			AwakeInstancesAfterBackupRestoration (12ms)
Platform modules already initialized, skipping
Validating Project structure ... 0.031274 seconds.
Shader import version has changed; will reimport all shaders...
Upgrading shader files ...0.054955 seconds.
Application.AssetDatabase Initial Script Refresh Start
RefreshInfo: InitialScriptRefreshV2(NoUpdateAssetOptions) scanfilter:  ... 1 filters
RefreshProfiler: Total: 0.000ms
Application.AssetDatabase Initial Script Refresh End
Application.AssetDatabase.Refresh Start
Application.AssetDatabase.Refresh End
RefreshInfo: StopAssetImportingV2(ForceSynchronousImport) scanfilter: 
RefreshProfiler: Total: 0.000ms
Launching external process: /Applications/Unity/Hub/Editor/2020.3.33f1/Unity.app/Contents/Tools/UnityShaderCompiler
Launched and connected shader compiler UnityShaderCompiler after 0.02 seconds
Initializing Unity extensions:
[C# Project] Writing /Users/clarkmahaffey/Downloads/PiratePurgatory/PiratePurgatory.sln because it has changed
[C# Project] First difference on line 4

[C# Project] Current /Users/clarkmahaffey/Downloads/PiratePurgatory/PiratePurgatory.sln:
[C# Project]   004: Project("{FAE04EC0-301F-11D3-BF4B-00C04F79EFBC}") = "Assembly-CSharp-firstpass", "Assembly-CSharp-firstpass.csproj", "{953AC210-2F58-65FF-E20B-F38C56C6A990}"
[C# Project]   005: EndProject
[C# Project]   006: Project("{FAE04EC0-301F-11D3-BF4B-00C04F79EFBC}") = "Assembly-CSharp", "Assembly-CSharp.csproj", "{3A5ECC04-5355-1425-CBC7-DF1AE79BDDD0}"
[C# Project]   007: EndProject
[C# Project]   008: Project("{FAE04EC0-301F-11D3-BF4B-00C04F79EFBC}") = "Assembly-CSharp-Editor-firstpass", "Assembly-CSharp-Editor-firstpass.csproj", "{173D4450-08D7-E8DE-8161-B191DA039F72}"

[C# Project] New /Users/clarkmahaffey/Downloads/PiratePurgatory/PiratePurgatory.sln:
[C# Project]   004: Project("{FAE04EC0-301F-11D3-BF4B-00C04F79EFBC}") = "UnityEngine.UI", "UnityEngine.UI.csproj", "{C9093A3A-E1BF-5868-DFFF-6A5B67099A72}"
[C# Project]   005: EndProject
[C# Project]   006: Project("{FAE04EC0-301F-11D3-BF4B-00C04F79EFBC}") = "Unity.VisualEffectGraph.Runtime", "Unity.VisualEffectGraph.Runtime.csproj", "{A859AD5E-30A2-1633-36BC-A70628F8280F}"
[C# Project]   007: EndProject
[C# Project]   008: Project("{FAE04EC0-301F-11D3-BF4B-00C04F79EFBC}") = "Unity.RenderPipelines.Core.Runtime", "Unity.RenderPipelines.Core.Runtime.csproj", "{0FE49C7A-BDA8-0CE2-3486-CA4D253BC288}"
[C# Project] Writing /Users/clarkmahaffey/Downloads/PiratePurgatory/UnityEngine.UI.csproj because it has changed
[C# Project] First difference on line 5

[C# Project] Current /Users/clarkmahaffey/Downloads/PiratePurgatory/UnityEngine.UI.csproj:
[C# Project]   005:     <CscToolPath>/Users/bellalyu/Documents/GT/Spring 2022/LMC2730/2020.3.33f1/Unity.app/Contents/Tools/RoslynScripts</CscToolPath>
[C# Project]   006:     <CscToolExe>unity_csc.sh</CscToolExe>
[C# Project]   007:   </PropertyGroup>
[C# Project]   008:   <PropertyGroup>
[C# Project]   009:     <Configuration Condition=" '$(Configuration)' == '' ">Debug</Configuration>

[C# Project] New /Users/clarkmahaffey/Downloads/PiratePurgatory/UnityEngine.UI.csproj:
[C# Project]   005:     <CscToolPath>/Applications/Unity/Hub/Editor/2020.3.33f1/Unity.app/Contents/Tools/RoslynScripts</CscToolPath>
[C# Project]   006:     <CscToolExe>unity_csc.sh</CscToolExe>
[C# Project]   007:   </PropertyGroup>
[C# Project]   008:   <PropertyGroup>
[C# Project]   009:     <Configuration Condition=" '$(Configuration)' == '' ">Debug</Configuration>
[C# Project] Writing /Users/clarkmahaffey/Downloads/PiratePurgatory/Unity.VisualEffectGraph.Runtime.csproj because it has changed
[C# Project] First difference on line 5

[C# Project] Current /Users/clarkmahaffey/Downloads/PiratePurgatory/Unity.VisualEffectGraph.Runtime.csproj:
[C# Project]   005:     <CscToolPath>/Users/bellalyu/Documents/GT/Spring 2022/LMC2730/2020.3.33f1/Unity.app/Contents/Tools/RoslynScripts</CscToolPath>
[C# Project]   006:     <CscToolExe>unity_csc.sh</CscToolExe>
[C# Project]   007:   </PropertyGroup>
[C# Project]   008:   <PropertyGroup>
[C# Project]   009:     <Configuration Condition=" '$(Configuration)' == '' ">Debug</Configuration>

[C# Project] New /Users/clarkmahaffey/Downloads/PiratePurgatory/Unity.VisualEffectGraph.Runtime.csproj:
[C# Project]   005:     <CscToolPath>/Applications/Unity/Hub/Editor/2020.3.33f1/Unity.app/Contents/Tools/RoslynScripts</CscToolPath>
[C# Project]   006:     <CscToolExe>unity_csc.sh</CscToolExe>
[C# Project]   007:   </PropertyGroup>
[C# Project]   008:   <PropertyGroup>
[C# Project]   009:     <Configuration Condition=" '$(Configuration)' == '' ">Debug</Configuration>
[C# Project] Writing /Users/clarkmahaffey/Downloads/PiratePurgatory/Unity.RenderPipelines.Core.Runtime.csproj because it has changed
[C# Project] First difference on line 5

[C# Project] Current /Users/clarkmahaffey/Downloads/PiratePurgatory/Unity.RenderPipelines.Core.Runtime.csproj:
[C# Project]   005:     <CscToolPath>/Users/bellalyu/Documents/GT/Spring 2022/LMC2730/2020.3.33f1/Unity.app/Contents/Tools/RoslynScripts</CscToolPath>
[C# Project]   006:     <CscToolExe>unity_csc.sh</CscToolExe>
[C# Project]   007:   </PropertyGroup>
[C# Project]   008:   <PropertyGroup>
[C# Project]   009:     <Configuration Condition=" '$(Configuration)' == '' ">Debug</Configuration>

[C# Project] New /Users/clarkmahaffey/Downloads/PiratePurgatory/Unity.RenderPipelines.Core.Runtime.csproj:
[C# Project]   005:     <CscToolPath>/Applications/Unity/Hub/Editor/2020.3.33f1/Unity.app/Contents/Tools/RoslynScripts</CscToolPath>
[C# Project]   006:     <CscToolExe>unity_csc.sh</CscToolExe>
[C# Project]   007:   </PropertyGroup>
[C# Project]   008:   <PropertyGroup>
[C# Project]   009:     <Configuration Condition=" '$(Configuration)' == '' ">Debug</Configuration>
[C# Project] Writing /Users/clarkmahaffey/Downloads/PiratePurgatory/UnityEngine.TestRunner.csproj because it has changed
[C# Project] First difference on line 5

[C# Project] Current /Users/clarkmahaffey/Downloads/PiratePurgatory/UnityEngine.TestRunner.csproj:
[C# Project]   005:     <CscToolPath>/Users/bellalyu/Documents/GT/Spring 2022/LMC2730/2020.3.33f1/Unity.app/Contents/Tools/RoslynScripts</CscToolPath>
[C# Project]   006:     <CscToolExe>unity_csc.sh</CscToolExe>
[C# Project]   007:   </PropertyGroup>
[C# Project]   008:   <PropertyGroup>
[C# Project]   009:     <Configuration Condition=" '$(Configuration)' == '' ">Debug</Configuration>

[C# Project] New /Users/clarkmahaffey/Downloads/PiratePurgatory/UnityEngine.TestRunner.csproj:
[C# Project]   005:     <CscToolPath>/Applications/Unity/Hub/Editor/2020.3.33f1/Unity.app/Contents/Tools/RoslynScripts</CscToolPath>
[C# Project]   006:     <CscToolExe>unity_csc.sh</CscToolExe>
[C# Project]   007:   </PropertyGroup>
[C# Project]   008:   <PropertyGroup>
[C# Project]   009:     <Configuration Condition=" '$(Configuration)' == '' ">Debug</Configuration>
[C# Project] Writing /Users/clarkmahaffey/Downloads/PiratePurgatory/UnityEngine.UI.Tests.csproj because it has changed
[C# Project] First difference on line 5

[C# Project] Current /Users/clarkmahaffey/Downloads/PiratePurgatory/UnityEngine.UI.Tests.csproj:
[C# Project]   005:     <CscToolPath>/Users/bellalyu/Documents/GT/Spring 2022/LMC2730/2020.3.33f1/Unity.app/Contents/Tools/RoslynScripts</CscToolPath>
[C# Project]   006:     <CscToolExe>unity_csc.sh</CscToolExe>
[C# Project]   007:   </PropertyGroup>
[C# Project]   008:   <PropertyGroup>
[C# Project]   009:     <Configuration Condition=" '$(Configuration)' == '' ">Debug</Configuration>

[C# Project] New /Users/clarkmahaffey/Downloads/PiratePurgatory/UnityEngine.UI.Tests.csproj:
[C# Project]   005:     <CscToolPath>/Applications/Unity/Hub/Editor/2020.3.33f1/Unity.app/Contents/Tools/RoslynScripts</CscToolPath>
[C# Project]   006:     <CscToolExe>unity_csc.sh</CscToolExe>
[C# Project]   007:   </PropertyGroup>
[C# Project]   008:   <PropertyGroup>
[C# Project]   009:     <Configuration Condition=" '$(Configuration)' == '' ">Debug</Configuration>
[C# Project] Writing /Users/clarkmahaffey/Downloads/PiratePurgatory/Unity.InputSystem.csproj because it has changed
[C# Project] First difference on line 5

[C# Project] Current /Users/clarkmahaffey/Downloads/PiratePurgatory/Unity.InputSystem.csproj:
[C# Project]   005:     <CscToolPath>/Users/bellalyu/Documents/GT/Spring 2022/LMC2730/2020.3.33f1/Unity.app/Contents/Tools/RoslynScripts</CscToolPath>
[C# Project]   006:     <CscToolExe>unity_csc.sh</CscToolExe>
[C# Project]   007:   </PropertyGroup>
[C# Project]   008:   <PropertyGroup>
[C# Project]   009:     <Configuration Condition=" '$(Configuration)' == '' ">Debug</Configuration>

[C# Project] New /Users/clarkmahaffey/Downloads/PiratePurgatory/Unity.InputSystem.csproj:
[C# Project]   005:     <CscToolPath>/Applications/Unity/Hub/Editor/2020.3.33f1/Unity.app/Contents/Tools/RoslynScripts</CscToolPath>
[C# Project]   006:     <CscToolExe>unity_csc.sh</CscToolExe>
[C# Project]   007:   </PropertyGroup>
[C# Project]   008:   <PropertyGroup>
[C# Project]   009:     <Configuration Condition=" '$(Configuration)' == '' ">Debug</Configuration>
[C# Project] Writing /Users/clarkmahaffey/Downloads/PiratePurgatory/Unity.RenderPipelines.HighDefinition.Runtime.csproj because it has changed
[C# Project] First difference on line 5

[C# Project] Current /Users/clarkmahaffey/Downloads/PiratePurgatory/Unity.RenderPipelines.HighDefinition.Runtime.csproj:
[C# Project]   005:     <CscToolPath>/Users/bellalyu/Documents/GT/Spring 2022/LMC2730/2020.3.33f1/Unity.app/Contents/Tools/RoslynScripts</CscToolPath>
[C# Project]   006:     <CscToolExe>unity_csc.sh</CscToolExe>
[C# Project]   007:   </PropertyGroup>
[C# Project]   008:   <PropertyGroup>
[C# Project]   009:     <Configuration Condition=" '$(Configuration)' == '' ">Debug</Configuration>

[C# Project] New /Users/clarkmahaffey/Downloads/PiratePurgatory/Unity.RenderPipelines.HighDefinition.Runtime.csproj:
[C# Project]   005:     <CscToolPath>/Applications/Unity/Hub/Editor/2020.3.33f1/Unity.app/Contents/Tools/RoslynScripts</CscToolPath>
[C# Project]   006:     <CscToolExe>unity_csc.sh</CscToolExe>
[C# Project]   007:   </PropertyGroup>
[C# Project]   008:   <PropertyGroup>
[C# Project]   009:     <Configuration Condition=" '$(Configuration)' == '' ">Debug</Configuration>
[C# Project] Writing /Users/clarkmahaffey/Downloads/PiratePurgatory/Unity.TextMeshPro.csproj because it has changed
[C# Project] First difference on line 5

[C# Project] Current /Users/clarkmahaffey/Downloads/PiratePurgatory/Unity.TextMeshPro.csproj:
[C# Project]   005:     <CscToolPath>/Users/bellalyu/Documents/GT/Spring 2022/LMC2730/2020.3.33f1/Unity.app/Contents/Tools/RoslynScripts</CscToolPath>
[C# Project]   006:     <CscToolExe>unity_csc.sh</CscToolExe>
[C# Project]   007:   </PropertyGroup>
[C# Project]   008:   <PropertyGroup>
[C# Project]   009:     <Configuration Condition=" '$(Configuration)' == '' ">Debug</Configuration>

[C# Project] New /Users/clarkmahaffey/Downloads/PiratePurgatory/Unity.TextMeshPro.csproj:
[C# Project]   005:     <CscToolPath>/Applications/Unity/Hub/Editor/2020.3.33f1/Unity.app/Contents/Tools/RoslynScripts</CscToolPath>
[C# Project]   006:     <CscToolExe>unity_csc.sh</CscToolExe>
[C# Project]   007:   </PropertyGroup>
[C# Project]   008:   <PropertyGroup>
[C# Project]   009:     <Configuration Condition=" '$(Configuration)' == '' ">Debug</Configuration>
[C# Project] Writing /Users/clarkmahaffey/Downloads/PiratePurgatory/Cinemachine.csproj because it has changed
[C# Project] First difference on line 5

[C# Project] Current /Users/clarkmahaffey/Downloads/PiratePurgatory/Cinemachine.csproj:
[C# Project]   005:     <CscToolPath>/Users/bellalyu/Documents/GT/Spring 2022/LMC2730/2020.3.33f1/Unity.app/Contents/Tools/RoslynScripts</CscToolPath>
[C# Project]   006:     <CscToolExe>unity_csc.sh</CscToolExe>
[C# Project]   007:   </PropertyGroup>
[C# Project]   008:   <PropertyGroup>
[C# Project]   009:     <Configuration Condition=" '$(Configuration)' == '' ">Debug</Configuration>

[C# Project] New /Users/clarkmahaffey/Downloads/PiratePurgatory/Cinemachine.csproj:
[C# Project]   005:     <CscToolPath>/Applications/Unity/Hub/Editor/2020.3.33f1/Unity.app/Contents/Tools/RoslynScripts</CscToolPath>
[C# Project]   006:     <CscToolExe>unity_csc.sh</CscToolExe>
[C# Project]   007:   </PropertyGroup>
[C# Project]   008:   <PropertyGroup>
[C# Project]   009:     <Configuration Condition=" '$(Configuration)' == '' ">Debug</Configuration>
[C# Project] Writing /Users/clarkmahaffey/Downloads/PiratePurgatory/Unity.Timeline.csproj because it has changed
[C# Project] First difference on line 5

[C# Project] Current /Users/clarkmahaffey/Downloads/PiratePurgatory/Unity.Timeline.csproj:
[C# Project]   005:     <CscToolPath>/Users/bellalyu/Documents/GT/Spring 2022/LMC2730/2020.3.33f1/Unity.app/Contents/Tools/RoslynScripts</CscToolPath>
[C# Project]   006:     <CscToolExe>unity_csc.sh</CscToolExe>
[C# Project]   007:   </PropertyGroup>
[C# Project]   008:   <PropertyGroup>
[C# Project]   009:     <Configuration Condition=" '$(Configuration)' == '' ">Debug</Configuration>

[C# Project] New /Users/clarkmahaffey/Downloads/PiratePurgatory/Unity.Timeline.csproj:
[C# Project]   005:     <CscToolPath>/Applications/Unity/Hub/Editor/2020.3.33f1/Unity.app/Contents/Tools/RoslynScripts</CscToolPath>
[C# Project]   006:     <CscToolExe>unity_csc.sh</CscToolExe>
[C# Project]   007:   </PropertyGroup>
[C# Project]   008:   <PropertyGroup>
[C# Project]   009:     <Configuration Condition=" '$(Configuration)' == '' ">Debug</Configuration>
[C# Project] Writing /Users/clarkmahaffey/Downloads/PiratePurgatory/Assembly-CSharp-firstpass.csproj because it has changed
[C# Project] First difference on line 750

[C# Project] Current /Users/clarkmahaffey/Downloads/PiratePurgatory/Assembly-CSharp-firstpass.csproj:
[C# Project]   750:  <Reference Include="Unity.VisualEffectGraph.Editor">
[C# Project]   751:  <HintPath>/Users/clarkmahaffey/Downloads/PiratePurgatory/Library/ScriptAssemblies/Unity.VisualEffectGraph.Editor.dll</HintPath>
[C# Project]   752:  </Reference>
[C# Project]   753:  <Reference Include="Unity.VSCode.Editor">
[C# Project]   754:  <HintPath>/Users/clarkmahaffey/Downloads/PiratePurgatory/Library/ScriptAssemblies/Unity.VSCode.Editor.dll</HintPath>

[C# Project] New /Users/clarkmahaffey/Downloads/PiratePurgatory/Assembly-CSharp-firstpass.csproj:
[C# Project]   750:   </ItemGroup>
[C# Project]   751:   <ItemGroup>
[C# Project]   752:     <ProjectReference Include="Unity.VisualEffectGraph.Editor.csproj">
[C# Project]   753:       <Project>{2E879CD7-CA1A-DCC0-3DA6-74EC49FCD53E}</Project>
[C# Project]   754:       <Name>Unity.VisualEffectGraph.Editor</Name>
[C# Project] Writing /Users/clarkmahaffey/Downloads/PiratePurgatory/Assembly-CSharp.csproj because it has changed
[C# Project] First difference on line 645

[C# Project] Current /Users/clarkmahaffey/Downloads/PiratePurgatory/Assembly-CSharp.csproj:
[C# Project]   645:  <Reference Include="Unity.VisualEffectGraph.Editor">
[C# Project]   646:  <HintPath>/Users/clarkmahaffey/Downloads/PiratePurgatory/Library/ScriptAssemblies/Unity.VisualEffectGraph.Editor.dll</HintPath>
[C# Project]   647:  </Reference>
[C# Project]   648:  <Reference Include="Unity.VSCode.Editor">
[C# Project]   649:  <HintPath>/Users/clarkmahaffey/Downloads/PiratePurgatory/Library/ScriptAssemblies/Unity.VSCode.Editor.dll</HintPath>

[C# Project] New /Users/clarkmahaffey/Downloads/PiratePurgatory/Assembly-CSharp.csproj:
[C# Project]   645:   </ItemGroup>
[C# Project]   646:   <ItemGroup>
[C# Project]   647:     <ProjectReference Include="Assembly-CSharp-firstpass.csproj">
[C# Project]   648:       <Project>{953AC210-2F58-65FF-E20B-F38C56C6A990}</Project>
[C# Project]   649:       <Name>Assembly-CSharp-firstpass</Name>
[C# Project] Writing /Users/clarkmahaffey/Downloads/PiratePurgatory/Unity.RenderPipelines.Core.Runtime.Tests.csproj because it has changed
[C# Project] First difference on line 5

[C# Project] Current /Users/clarkmahaffey/Downloads/PiratePurgatory/Unity.RenderPipelines.Core.Runtime.Tests.csproj:
[C# Project]   005:     <CscToolPath>/Users/bellalyu/Documents/GT/Spring 2022/LMC2730/2020.3.33f1/Unity.app/Contents/Tools/RoslynScripts</CscToolPath>
[C# Project]   006:     <CscToolExe>unity_csc.sh</CscToolExe>
[C# Project]   007:   </PropertyGroup>
[C# Project]   008:   <PropertyGroup>
[C# Project]   009:     <Configuration Condition=" '$(Configuration)' == '' ">Debug</Configuration>

[C# Project] New /Users/clarkmahaffey/Downloads/PiratePurgatory/Unity.RenderPipelines.Core.Runtime.Tests.csproj:
[C# Project]   005:     <CscToolPath>/Applications/Unity/Hub/Editor/2020.3.33f1/Unity.app/Contents/Tools/RoslynScripts</CscToolPath>
[C# Project]   006:     <CscToolExe>unity_csc.sh</CscToolExe>
[C# Project]   007:   </PropertyGroup>
[C# Project]   008:   <PropertyGroup>
[C# Project]   009:     <Configuration Condition=" '$(Configuration)' == '' ">Debug</Configuration>
[C# Project] Writing /Users/clarkmahaffey/Downloads/PiratePurgatory/Unity.InputSystem.IntegrationTests.csproj because it has changed
[C# Project] First difference on line 5

[C# Project] Current /Users/clarkmahaffey/Downloads/PiratePurgatory/Unity.InputSystem.IntegrationTests.csproj:
[C# Project]   005:     <CscToolPath>/Users/bellalyu/Documents/GT/Spring 2022/LMC2730/2020.3.33f1/Unity.app/Contents/Tools/RoslynScripts</CscToolPath>
[C# Project]   006:     <CscToolExe>unity_csc.sh</CscToolExe>
[C# Project]   007:   </PropertyGroup>
[C# Project]   008:   <PropertyGroup>
[C# Project]   009:     <Configuration Condition=" '$(Configuration)' == '' ">Debug</Configuration>

[C# Project] New /Users/clarkmahaffey/Downloads/PiratePurgatory/Unity.InputSystem.IntegrationTests.csproj:
[C# Project]   005:     <CscToolPath>/Applications/Unity/Hub/Editor/2020.3.33f1/Unity.app/Contents/Tools/RoslynScripts</CscToolPath>
[C# Project]   006:     <CscToolExe>unity_csc.sh</CscToolExe>
[C# Project]   007:   </PropertyGroup>
[C# Project]   008:   <PropertyGroup>
[C# Project]   009:     <Configuration Condition=" '$(Configuration)' == '' ">Debug</Configuration>
[C# Project] Writing /Users/clarkmahaffey/Downloads/PiratePurgatory/Unity.InputSystem.TestFramework.csproj because it has changed
[C# Project] First difference on line 5

[C# Project] Current /Users/clarkmahaffey/Downloads/PiratePurgatory/Unity.InputSystem.TestFramework.csproj:
[C# Project]   005:     <CscToolPath>/Users/bellalyu/Documents/GT/Spring 2022/LMC2730/2020.3.33f1/Unity.app/Contents/Tools/RoslynScripts</CscToolPath>
[C# Project]   006:     <CscToolExe>unity_csc.sh</CscToolExe>
[C# Project]   007:   </PropertyGroup>
[C# Project]   008:   <PropertyGroup>
[C# Project]   009:     <Configuration Condition=" '$(Configuration)' == '' ">Debug</Configuration>

[C# Project] New /Users/clarkmahaffey/Downloads/PiratePurgatory/Unity.InputSystem.TestFramework.csproj:
[C# Project]   005:     <CscToolPath>/Applications/Unity/Hub/Editor/2020.3.33f1/Unity.app/Contents/Tools/RoslynScripts</CscToolPath>
[C# Project]   006:     <CscToolExe>unity_csc.sh</CscToolExe>
[C# Project]   007:   </PropertyGroup>
[C# Project]   008:   <PropertyGroup>
[C# Project]   009:     <Configuration Condition=" '$(Configuration)' == '' ">Debug</Configuration>
[C# Project] Writing /Users/clarkmahaffey/Downloads/PiratePurgatory/Unity.VisualEffectGraph.Runtime.Tests.csproj because it has changed
[C# Project] First difference on line 5

[C# Project] Current /Users/clarkmahaffey/Downloads/PiratePurgatory/Unity.VisualEffectGraph.Runtime.Tests.csproj:
[C# Project]   005:     <CscToolPath>/Users/bellalyu/Documents/GT/Spring 2022/LMC2730/2020.3.33f1/Unity.app/Contents/Tools/RoslynScripts</CscToolPath>
[C# Project]   006:     <CscToolExe>unity_csc.sh</CscToolExe>
[C# Project]   007:   </PropertyGroup>
[C# Project]   008:   <PropertyGroup>
[C# Project]   009:     <Configuration Condition=" '$(Configuration)' == '' ">Debug</Configuration>

[C# Project] New /Users/clarkmahaffey/Downloads/PiratePurgatory/Unity.VisualEffectGraph.Runtime.Tests.csproj:
[C# Project]   005:     <CscToolPath>/Applications/Unity/Hub/Editor/2020.3.33f1/Unity.app/Contents/Tools/RoslynScripts</CscToolPath>
[C# Project]   006:     <CscToolExe>unity_csc.sh</CscToolExe>
[C# Project]   007:   </PropertyGroup>
[C# Project]   008:   <PropertyGroup>
[C# Project]   009:     <Configuration Condition=" '$(Configuration)' == '' ">Debug</Configuration>
[C# Project] Writing /Users/clarkmahaffey/Downloads/PiratePurgatory/Unity.TextMeshPro.Tests.csproj because it has changed
[C# Project] First difference on line 5

[C# Project] Current /Users/clarkmahaffey/Downloads/PiratePurgatory/Unity.TextMeshPro.Tests.csproj:
[C# Project]   005:     <CscToolPath>/Users/bellalyu/Documents/GT/Spring 2022/LMC2730/2020.3.33f1/Unity.app/Contents/Tools/RoslynScripts</CscToolPath>
[C# Project]   006:     <CscToolExe>unity_csc.sh</CscToolExe>
[C# Project]   007:   </PropertyGroup>
[C# Project]   008:   <PropertyGroup>
[C# Project]   009:     <Configuration Condition=" '$(Configuration)' == '' ">Debug</Configuration>

[C# Project] New /Users/clarkmahaffey/Downloads/PiratePurgatory/Unity.TextMeshPro.Tests.csproj:
[C# Project]   005:     <CscToolPath>/Applications/Unity/Hub/Editor/2020.3.33f1/Unity.app/Contents/Tools/RoslynScripts</CscToolPath>
[C# Project]   006:     <CscToolExe>unity_csc.sh</CscToolExe>
[C# Project]   007:   </PropertyGroup>
[C# Project]   008:   <PropertyGroup>
[C# Project]   009:     <Configuration Condition=" '$(Configuration)' == '' ">Debug</Configuration>
[C# Project] Writing /Users/clarkmahaffey/Downloads/PiratePurgatory/Unity.RenderPipelines.Core.ShaderLibrary.csproj because it has changed
[C# Project] First difference on line 5

[C# Project] Current /Users/clarkmahaffey/Downloads/PiratePurgatory/Unity.RenderPipelines.Core.ShaderLibrary.csproj:
[C# Project]   005:     <CscToolPath>/Users/bellalyu/Documents/GT/Spring 2022/LMC2730/2020.3.33f1/Unity.app/Contents/Tools/RoslynScripts</CscToolPath>
[C# Project]   006:     <CscToolExe>unity_csc.sh</CscToolExe>
[C# Project]   007:   </PropertyGroup>
[C# Project]   008:   <PropertyGroup>
[C# Project]   009:     <Configuration Condition=" '$(Configuration)' == '' ">Debug</Configuration>

[C# Project] New /Users/clarkmahaffey/Downloads/PiratePurgatory/Unity.RenderPipelines.Core.ShaderLibrary.csproj:
[C# Project]   005:     <CscToolPath>/Applications/Unity/Hub/Editor/2020.3.33f1/Unity.app/Contents/Tools/RoslynScripts</CscToolPath>
[C# Project]   006:     <CscToolExe>unity_csc.sh</CscToolExe>
[C# Project]   007:   </PropertyGroup>
[C# Project]   008:   <PropertyGroup>
[C# Project]   009:     <Configuration Condition=" '$(Configuration)' == '' ">Debug</Configuration>
[C# Project] Writing /Users/clarkmahaffey/Downloads/PiratePurgatory/Unity.RenderPipelines.HighDefinition.Runtime.Tests.csproj because it has changed
[C# Project] First difference on line 5

[C# Project] Current /Users/clarkmahaffey/Downloads/PiratePurgatory/Unity.RenderPipelines.HighDefinition.Runtime.Tests.csproj:
[C# Project]   005:     <CscToolPath>/Users/bellalyu/Documents/GT/Spring 2022/LMC2730/2020.3.33f1/Unity.app/Contents/Tools/RoslynScripts</CscToolPath>
[C# Project]   006:     <CscToolExe>unity_csc.sh</CscToolExe>
[C# Project]   007:   </PropertyGroup>
[C# Project]   008:   <PropertyGroup>
[C# Project]   009:     <Configuration Condition=" '$(Configuration)' == '' ">Debug</Configuration>

[C# Project] New /Users/clarkmahaffey/Downloads/PiratePurgatory/Unity.RenderPipelines.HighDefinition.Runtime.Tests.csproj:
[C# Project]   005:     <CscToolPath>/Applications/Unity/Hub/Editor/2020.3.33f1/Unity.app/Contents/Tools/RoslynScripts</CscToolPath>
[C# Project]   006:     <CscToolExe>unity_csc.sh</CscToolExe>
[C# Project]   007:   </PropertyGroup>
[C# Project]   008:   <PropertyGroup>
[C# Project]   009:     <Configuration Condition=" '$(Configuration)' == '' ">Debug</Configuration>
[C# Project] Writing /Users/clarkmahaffey/Downloads/PiratePurgatory/com.unity.cinemachine.Tests.csproj because it has changed
[C# Project] First difference on line 5

[C# Project] Current /Users/clarkmahaffey/Downloads/PiratePurgatory/com.unity.cinemachine.Tests.csproj:
[C# Project]   005:     <CscToolPath>/Users/bellalyu/Documents/GT/Spring 2022/LMC2730/2020.3.33f1/Unity.app/Contents/Tools/RoslynScripts</CscToolPath>
[C# Project]   006:     <CscToolExe>unity_csc.sh</CscToolExe>
[C# Project]   007:   </PropertyGroup>
[C# Project]   008:   <PropertyGroup>
[C# Project]   009:     <Configuration Condition=" '$(Configuration)' == '' ">Debug</Configuration>

[C# Project] New /Users/clarkmahaffey/Downloads/PiratePurgatory/com.unity.cinemachine.Tests.csproj:
[C# Project]   005:     <CscToolPath>/Applications/Unity/Hub/Editor/2020.3.33f1/Unity.app/Contents/Tools/RoslynScripts</CscToolPath>
[C# Project]   006:     <CscToolExe>unity_csc.sh</CscToolExe>
[C# Project]   007:   </PropertyGroup>
[C# Project]   008:   <PropertyGroup>
[C# Project]   009:     <Configuration Condition=" '$(Configuration)' == '' ">Debug</Configuration>
[C# Project] Writing /Users/clarkmahaffey/Downloads/PiratePurgatory/Unity.RenderPipelines.ShaderGraph.ShaderGraphLibrary.csproj because it has changed
[C# Project] First difference on line 5

[C# Project] Current /Users/clarkmahaffey/Downloads/PiratePurgatory/Unity.RenderPipelines.ShaderGraph.ShaderGraphLibrary.csproj:
[C# Project]   005:     <CscToolPath>/Users/bellalyu/Documents/GT/Spring 2022/LMC2730/2020.3.33f1/Unity.app/Contents/Tools/RoslynScripts</CscToolPath>
[C# Project]   006:     <CscToolExe>unity_csc.sh</CscToolExe>
[C# Project]   007:   </PropertyGroup>
[C# Project]   008:   <PropertyGroup>
[C# Project]   009:     <Configuration Condition=" '$(Configuration)' == '' ">Debug</Configuration>

[C# Project] New /Users/clarkmahaffey/Downloads/PiratePurgatory/Unity.RenderPipelines.ShaderGraph.ShaderGraphLibrary.csproj:
[C# Project]   005:     <CscToolPath>/Applications/Unity/Hub/Editor/2020.3.33f1/Unity.app/Contents/Tools/RoslynScripts</CscToolPath>
[C# Project]   006:     <CscToolExe>unity_csc.sh</CscToolExe>
[C# Project]   007:   </PropertyGroup>
[C# Project]   008:   <PropertyGroup>
[C# Project]   009:     <Configuration Condition=" '$(Configuration)' == '' ">Debug</Configuration>
[C# Project] Writing /Users/clarkmahaffey/Downloads/PiratePurgatory/Unity.RenderPipelines.HighDefinition.Config.Runtime.csproj because it has changed
[C# Project] First difference on line 5

[C# Project] Current /Users/clarkmahaffey/Downloads/PiratePurgatory/Unity.RenderPipelines.HighDefinition.Config.Runtime.csproj:
[C# Project]   005:     <CscToolPath>/Users/bellalyu/Documents/GT/Spring 2022/LMC2730/2020.3.33f1/Unity.app/Contents/Tools/RoslynScripts</CscToolPath>
[C# Project]   006:     <CscToolExe>unity_csc.sh</CscToolExe>
[C# Project]   007:   </PropertyGroup>
[C# Project]   008:   <PropertyGroup>
[C# Project]   009:     <Configuration Condition=" '$(Configuration)' == '' ">Debug</Configuration>

[C# Project] New /Users/clarkmahaffey/Downloads/PiratePurgatory/Unity.RenderPipelines.HighDefinition.Config.Runtime.csproj:
[C# Project]   005:     <CscToolPath>/Applications/Unity/Hub/Editor/2020.3.33f1/Unity.app/Contents/Tools/RoslynScripts</CscToolPath>
[C# Project]   006:     <CscToolExe>unity_csc.sh</CscToolExe>
[C# Project]   007:   </PropertyGroup>
[C# Project]   008:   <PropertyGroup>
[C# Project]   009:     <Configuration Condition=" '$(Configuration)' == '' ">Debug</Configuration>
[C# Project] Writing /Users/clarkmahaffey/Downloads/PiratePurgatory/Unity.PlasticSCM.Editor.csproj because it has changed
[C# Project] First difference on line 5

[C# Project] Current /Users/clarkmahaffey/Downloads/PiratePurgatory/Unity.PlasticSCM.Editor.csproj:
[C# Project]   005:     <CscToolPath>/Users/bellalyu/Documents/GT/Spring 2022/LMC2730/2020.3.33f1/Unity.app/Contents/Tools/RoslynScripts</CscToolPath>
[C# Project]   006:     <CscToolExe>unity_csc.sh</CscToolExe>
[C# Project]   007:   </PropertyGroup>
[C# Project]   008:   <PropertyGroup>
[C# Project]   009:     <Configuration Condition=" '$(Configuration)' == '' ">Debug</Configuration>

[C# Project] New /Users/clarkmahaffey/Downloads/PiratePurgatory/Unity.PlasticSCM.Editor.csproj:
[C# Project]   005:     <CscToolPath>/Applications/Unity/Hub/Editor/2020.3.33f1/Unity.app/Contents/Tools/RoslynScripts</CscToolPath>
[C# Project]   006:     <CscToolExe>unity_csc.sh</CscToolExe>
[C# Project]   007:   </PropertyGroup>
[C# Project]   008:   <PropertyGroup>
[C# Project]   009:     <Configuration Condition=" '$(Configuration)' == '' ">Debug</Configuration>
[C# Project] Writing /Users/clarkmahaffey/Downloads/PiratePurgatory/Unity.RenderPipelines.HighDefinition.Editor.csproj because it has changed
[C# Project] First difference on line 5

[C# Project] Current /Users/clarkmahaffey/Downloads/PiratePurgatory/Unity.RenderPipelines.HighDefinition.Editor.csproj:
[C# Project]   005:     <CscToolPath>/Users/bellalyu/Documents/GT/Spring 2022/LMC2730/2020.3.33f1/Unity.app/Contents/Tools/RoslynScripts</CscToolPath>
[C# Project]   006:     <CscToolExe>unity_csc.sh</CscToolExe>
[C# Project]   007:   </PropertyGroup>
[C# Project]   008:   <PropertyGroup>
[C# Project]   009:     <Configuration Condition=" '$(Configuration)' == '' ">Debug</Configuration>

[C# Project] New /Users/clarkmahaffey/Downloads/PiratePurgatory/Unity.RenderPipelines.HighDefinition.Editor.csproj:
[C# Project]   005:     <CscToolPath>/Applications/Unity/Hub/Editor/2020.3.33f1/Unity.app/Contents/Tools/RoslynScripts</CscToolPath>
[C# Project]   006:     <CscToolExe>unity_csc.sh</CscToolExe>
[C# Project]   007:   </PropertyGroup>
[C# Project]   008:   <PropertyGroup>
[C# Project]   009:     <Configuration Condition=" '$(Configuration)' == '' ">Debug</Configuration>
[C# Project] Writing /Users/clarkmahaffey/Downloads/PiratePurgatory/Unity.ShaderGraph.Editor.csproj because it has changed
[C# Project] First difference on line 5

[C# Project] Current /Users/clarkmahaffey/Downloads/PiratePurgatory/Unity.ShaderGraph.Editor.csproj:
[C# Project]   005:     <CscToolPath>/Users/bellalyu/Documents/GT/Spring 2022/LMC2730/2020.3.33f1/Unity.app/Contents/Tools/RoslynScripts</CscToolPath>
[C# Project]   006:     <CscToolExe>unity_csc.sh</CscToolExe>
[C# Project]   007:   </PropertyGroup>
[C# Project]   008:   <PropertyGroup>
[C# Project]   009:     <Configuration Condition=" '$(Configuration)' == '' ">Debug</Configuration>

[C# Project] New /Users/clarkmahaffey/Downloads/PiratePurgatory/Unity.ShaderGraph.Editor.csproj:
[C# Project]   005:     <CscToolPath>/Applications/Unity/Hub/Editor/2020.3.33f1/Unity.app/Contents/Tools/RoslynScripts</CscToolPath>
[C# Project]   006:     <CscToolExe>unity_csc.sh</CscToolExe>
[C# Project]   007:   </PropertyGroup>
[C# Project]   008:   <PropertyGroup>
[C# Project]   009:     <Configuration Condition=" '$(Configuration)' == '' ">Debug</Configuration>
[C# Project] Writing /Users/clarkmahaffey/Downloads/PiratePurgatory/Unity.VisualEffectGraph.Editor.csproj because it has changed
[C# Project] First difference on line 5

[C# Project] Current /Users/clarkmahaffey/Downloads/PiratePurgatory/Unity.VisualEffectGraph.Editor.csproj:
[C# Project]   005:     <CscToolPath>/Users/bellalyu/Documents/GT/Spring 2022/LMC2730/2020.3.33f1/Unity.app/Contents/Tools/RoslynScripts</CscToolPath>
[C# Project]   006:     <CscToolExe>unity_csc.sh</CscToolExe>
[C# Project]   007:   </PropertyGroup>
[C# Project]   008:   <PropertyGroup>
[C# Project]   009:     <Configuration Condition=" '$(Configuration)' == '' ">Debug</Configuration>

[C# Project] New /Users/clarkmahaffey/Downloads/PiratePurgatory/Unity.VisualEffectGraph.Editor.csproj:
[C# Project]   005:     <CscToolPath>/Applications/Unity/Hub/Editor/2020.3.33f1/Unity.app/Contents/Tools/RoslynScripts</CscToolPath>
[C# Project]   006:     <CscToolExe>unity_csc.sh</CscToolExe>
[C# Project]   007:   </PropertyGroup>
[C# Project]   008:   <PropertyGroup>
[C# Project]   009:     <Configuration Condition=" '$(Configuration)' == '' ">Debug</Configuration>
[C# Project] Writing /Users/clarkmahaffey/Downloads/PiratePurgatory/Unity.VisualStudio.Editor.csproj because it has changed
[C# Project] First difference on line 5

[C# Project] Current /Users/clarkmahaffey/Downloads/PiratePurgatory/Unity.VisualStudio.Editor.csproj:
[C# Project]   005:     <CscToolPath>/Users/bellalyu/Documents/GT/Spring 2022/LMC2730/2020.3.33f1/Unity.app/Contents/Tools/RoslynScripts</CscToolPath>
[C# Project]   006:     <CscToolExe>unity_csc.sh</CscToolExe>
[C# Project]   007:   </PropertyGroup>
[C# Project]   008:   <PropertyGroup>
[C# Project]   009:     <Configuration Condition=" '$(Configuration)' == '' ">Debug</Configuration>

[C# Project] New /Users/clarkmahaffey/Downloads/PiratePurgatory/Unity.VisualStudio.Editor.csproj:
[C# Project]   005:     <CscToolPath>/Applications/Unity/Hub/Editor/2020.3.33f1/Unity.app/Contents/Tools/RoslynScripts</CscToolPath>
[C# Project]   006:     <CscToolExe>unity_csc.sh</CscToolExe>
[C# Project]   007:   </PropertyGroup>
[C# Project]   008:   <PropertyGroup>
[C# Project]   009:     <Configuration Condition=" '$(Configuration)' == '' ">Debug</Configuration>
[C# Project] Writing /Users/clarkmahaffey/Downloads/PiratePurgatory/Unity.Timeline.Editor.csproj because it has changed
[C# Project] First difference on line 5

[C# Project] Current /Users/clarkmahaffey/Downloads/PiratePurgatory/Unity.Timeline.Editor.csproj:
[C# Project]   005:     <CscToolPath>/Users/bellalyu/Documents/GT/Spring 2022/LMC2730/2020.3.33f1/Unity.app/Contents/Tools/RoslynScripts</CscToolPath>
[C# Project]   006:     <CscToolExe>unity_csc.sh</CscToolExe>
[C# Project]   007:   </PropertyGroup>
[C# Project]   008:   <PropertyGroup>
[C# Project]   009:     <Configuration Condition=" '$(Configuration)' == '' ">Debug</Configuration>

[C# Project] New /Users/clarkmahaffey/Downloads/PiratePurgatory/Unity.Timeline.Editor.csproj:
[C# Project]   005:     <CscToolPath>/Applications/Unity/Hub/Editor/2020.3.33f1/Unity.app/Contents/Tools/RoslynScripts</CscToolPath>
[C# Project]   006:     <CscToolExe>unity_csc.sh</CscToolExe>
[C# Project]   007:   </PropertyGroup>
[C# Project]   008:   <PropertyGroup>
[C# Project]   009:     <Configuration Condition=" '$(Configuration)' == '' ">Debug</Configuration>
[C# Project] Writing /Users/clarkmahaffey/Downloads/PiratePurgatory/com.unity.cinemachine.editor.csproj because it has changed
[C# Project] First difference on line 5

[C# Project] Current /Users/clarkmahaffey/Downloads/PiratePurgatory/com.unity.cinemachine.editor.csproj:
[C# Project]   005:     <CscToolPath>/Users/bellalyu/Documents/GT/Spring 2022/LMC2730/2020.3.33f1/Unity.app/Contents/Tools/RoslynScripts</CscToolPath>
[C# Project]   006:     <CscToolExe>unity_csc.sh</CscToolExe>
[C# Project]   007:   </PropertyGroup>
[C# Project]   008:   <PropertyGroup>
[C# Project]   009:     <Configuration Condition=" '$(Configuration)' == '' ">Debug</Configuration>

[C# Project] New /Users/clarkmahaffey/Downloads/PiratePurgatory/com.unity.cinemachine.editor.csproj:
[C# Project]   005:     <CscToolPath>/Applications/Unity/Hub/Editor/2020.3.33f1/Unity.app/Contents/Tools/RoslynScripts</CscToolPath>
[C# Project]   006:     <CscToolExe>unity_csc.sh</CscToolExe>
[C# Project]   007:   </PropertyGroup>
[C# Project]   008:   <PropertyGroup>
[C# Project]   009:     <Configuration Condition=" '$(Configuration)' == '' ">Debug</Configuration>
[C# Project] Writing /Users/clarkmahaffey/Downloads/PiratePurgatory/Unity.TextMeshPro.Editor.csproj because it has changed
[C# Project] First difference on line 5

[C# Project] Current /Users/clarkmahaffey/Downloads/PiratePurgatory/Unity.TextMeshPro.Editor.csproj:
[C# Project]   005:     <CscToolPath>/Users/bellalyu/Documents/GT/Spring 2022/LMC2730/2020.3.33f1/Unity.app/Contents/Tools/RoslynScripts</CscToolPath>
[C# Project]   006:     <CscToolExe>unity_csc.sh</CscToolExe>
[C# Project]   007:   </PropertyGroup>
[C# Project]   008:   <PropertyGroup>
[C# Project]   009:     <Configuration Condition=" '$(Configuration)' == '' ">Debug</Configuration>

[C# Project] New /Users/clarkmahaffey/Downloads/PiratePurgatory/Unity.TextMeshPro.Editor.csproj:
[C# Project]   005:     <CscToolPath>/Applications/Unity/Hub/Editor/2020.3.33f1/Unity.app/Contents/Tools/RoslynScripts</CscToolPath>
[C# Project]   006:     <CscToolExe>unity_csc.sh</CscToolExe>
[C# Project]   007:   </PropertyGroup>
[C# Project]   008:   <PropertyGroup>
[C# Project]   009:     <Configuration Condition=" '$(Configuration)' == '' ">Debug</Configuration>
[C# Project] Writing /Users/clarkmahaffey/Downloads/PiratePurgatory/Unity.CollabProxy.Editor.csproj because it has changed
[C# Project] First difference on line 5

[C# Project] Current /Users/clarkmahaffey/Downloads/PiratePurgatory/Unity.CollabProxy.Editor.csproj:
[C# Project]   005:     <CscToolPath>/Users/bellalyu/Documents/GT/Spring 2022/LMC2730/2020.3.33f1/Unity.app/Contents/Tools/RoslynScripts</CscToolPath>
[C# Project]   006:     <CscToolExe>unity_csc.sh</CscToolExe>
[C# Project]   007:   </PropertyGroup>
[C# Project]   008:   <PropertyGroup>
[C# Project]   009:     <Configuration Condition=" '$(Configuration)' == '' ">Debug</Configuration>

[C# Project] New /Users/clarkmahaffey/Downloads/PiratePurgatory/Unity.CollabProxy.Editor.csproj:
[C# Project]   005:     <CscToolPath>/Applications/Unity/Hub/Editor/2020.3.33f1/Unity.app/Contents/Tools/RoslynScripts</CscToolPath>
[C# Project]   006:     <CscToolExe>unity_csc.sh</CscToolExe>
[C# Project]   007:   </PropertyGroup>
[C# Project]   008:   <PropertyGroup>
[C# Project]   009:     <Configuration Condition=" '$(Configuration)' == '' ">Debug</Configuration>
[C# Project] Writing /Users/clarkmahaffey/Downloads/PiratePurgatory/DocCodeExamples.csproj because it has changed
[C# Project] First difference on line 5

[C# Project] Current /Users/clarkmahaffey/Downloads/PiratePurgatory/DocCodeExamples.csproj:
[C# Project]   005:     <CscToolPath>/Users/bellalyu/Documents/GT/Spring 2022/LMC2730/2020.3.33f1/Unity.app/Contents/Tools/RoslynScripts</CscToolPath>
[C# Project]   006:     <CscToolExe>unity_csc.sh</CscToolExe>
[C# Project]   007:   </PropertyGroup>
[C# Project]   008:   <PropertyGroup>
[C# Project]   009:     <Configuration Condition=" '$(Configuration)' == '' ">Debug</Configuration>

[C# Project] New /Users/clarkmahaffey/Downloads/PiratePurgatory/DocCodeExamples.csproj:
[C# Project]   005:     <CscToolPath>/Applications/Unity/Hub/Editor/2020.3.33f1/Unity.app/Contents/Tools/RoslynScripts</CscToolPath>
[C# Project]   006:     <CscToolExe>unity_csc.sh</CscToolExe>
[C# Project]   007:   </PropertyGroup>
[C# Project]   008:   <PropertyGroup>
[C# Project]   009:     <Configuration Condition=" '$(Configuration)' == '' ">Debug</Configuration>
[C# Project] Writing /Users/clarkmahaffey/Downloads/PiratePurgatory/UnityEditor.TestRunner.csproj because it has changed
[C# Project] First difference on line 5

[C# Project] Current /Users/clarkmahaffey/Downloads/PiratePurgatory/UnityEditor.TestRunner.csproj:
[C# Project]   005:     <CscToolPath>/Users/bellalyu/Documents/GT/Spring 2022/LMC2730/2020.3.33f1/Unity.app/Contents/Tools/RoslynScripts</CscToolPath>
[C# Project]   006:     <CscToolExe>unity_csc.sh</CscToolExe>
[C# Project]   007:   </PropertyGroup>
[C# Project]   008:   <PropertyGroup>
[C# Project]   009:     <Configuration Condition=" '$(Configuration)' == '' ">Debug</Configuration>

[C# Project] New /Users/clarkmahaffey/Downloads/PiratePurgatory/UnityEditor.TestRunner.csproj:
[C# Project]   005:     <CscToolPath>/Applications/Unity/Hub/Editor/2020.3.33f1/Unity.app/Contents/Tools/RoslynScripts</CscToolPath>
[C# Project]   006:     <CscToolExe>unity_csc.sh</CscToolExe>
[C# Project]   007:   </PropertyGroup>
[C# Project]   008:   <PropertyGroup>
[C# Project]   009:     <Configuration Condition=" '$(Configuration)' == '' ">Debug</Configuration>
[C# Project] Writing /Users/clarkmahaffey/Downloads/PiratePurgatory/Unity.Rider.Editor.csproj because it has changed
[C# Project] First difference on line 5

[C# Project] Current /Users/clarkmahaffey/Downloads/PiratePurgatory/Unity.Rider.Editor.csproj:
[C# Project]   005:     <CscToolPath>/Users/bellalyu/Documents/GT/Spring 2022/LMC2730/2020.3.33f1/Unity.app/Contents/Tools/RoslynScripts</CscToolPath>
[C# Project]   006:     <CscToolExe>unity_csc.sh</CscToolExe>
[C# Project]   007:   </PropertyGroup>
[C# Project]   008:   <PropertyGroup>
[C# Project]   009:     <Configuration Condition=" '$(Configuration)' == '' ">Debug</Configuration>

[C# Project] New /Users/clarkmahaffey/Downloads/PiratePurgatory/Unity.Rider.Editor.csproj:
[C# Project]   005:     <CscToolPath>/Applications/Unity/Hub/Editor/2020.3.33f1/Unity.app/Contents/Tools/RoslynScripts</CscToolPath>
[C# Project]   006:     <CscToolExe>unity_csc.sh</CscToolExe>
[C# Project]   007:   </PropertyGroup>
[C# Project]   008:   <PropertyGroup>
[C# Project]   009:     <Configuration Condition=" '$(Configuration)' == '' ">Debug</Configuration>
[C# Project] Writing /Users/clarkmahaffey/Downloads/PiratePurgatory/Unity.ShaderGraph.Editor.Tests.csproj because it has changed
[C# Project] First difference on line 5

[C# Project] Current /Users/clarkmahaffey/Downloads/PiratePurgatory/Unity.ShaderGraph.Editor.Tests.csproj:
[C# Project]   005:     <CscToolPath>/Users/bellalyu/Documents/GT/Spring 2022/LMC2730/2020.3.33f1/Unity.app/Contents/Tools/RoslynScripts</CscToolPath>
[C# Project]   006:     <CscToolExe>unity_csc.sh</CscToolExe>
[C# Project]   007:   </PropertyGroup>
[C# Project]   008:   <PropertyGroup>
[C# Project]   009:     <Configuration Condition=" '$(Configuration)' == '' ">Debug</Configuration>

[C# Project] New /Users/clarkmahaffey/Downloads/PiratePurgatory/Unity.ShaderGraph.Editor.Tests.csproj:
[C# Project]   005:     <CscToolPath>/Applications/Unity/Hub/Editor/2020.3.33f1/Unity.app/Contents/Tools/RoslynScripts</CscToolPath>
[C# Project]   006:     <CscToolExe>unity_csc.sh</CscToolExe>
[C# Project]   007:   </PropertyGroup>
[C# Project]   008:   <PropertyGroup>
[C# Project]   009:     <Configuration Condition=" '$(Configuration)' == '' ">Debug</Configuration>
[C# Project] Writing /Users/clarkmahaffey/Downloads/PiratePurgatory/Unity.Services.Core.Editor.csproj because it has changed
[C# Project] First difference on line 5

[C# Project] Current /Users/clarkmahaffey/Downloads/PiratePurgatory/Unity.Services.Core.Editor.csproj:
[C# Project]   005:     <CscToolPath>/Users/bellalyu/Documents/GT/Spring 2022/LMC2730/2020.3.33f1/Unity.app/Contents/Tools/RoslynScripts</CscToolPath>
[C# Project]   006:     <CscToolExe>unity_csc.sh</CscToolExe>
[C# Project]   007:   </PropertyGroup>
[C# Project]   008:   <PropertyGroup>
[C# Project]   009:     <Configuration Condition=" '$(Configuration)' == '' ">Debug</Configuration>

[C# Project] New /Users/clarkmahaffey/Downloads/PiratePurgatory/Unity.Services.Core.Editor.csproj:
[C# Project]   005:     <CscToolPath>/Applications/Unity/Hub/Editor/2020.3.33f1/Unity.app/Contents/Tools/RoslynScripts</CscToolPath>
[C# Project]   006:     <CscToolExe>unity_csc.sh</CscToolExe>
[C# Project]   007:   </PropertyGroup>
[C# Project]   008:   <PropertyGroup>
[C# Project]   009:     <Configuration Condition=" '$(Configuration)' == '' ">Debug</Configuration>
[C# Project] Writing /Users/clarkmahaffey/Downloads/PiratePurgatory/Unity.PlasticSCM.EditorTests.csproj because it has changed
[C# Project] First difference on line 5

[C# Project] Current /Users/clarkmahaffey/Downloads/PiratePurgatory/Unity.PlasticSCM.EditorTests.csproj:
[C# Project]   005:     <CscToolPath>/Users/bellalyu/Documents/GT/Spring 2022/LMC2730/2020.3.33f1/Unity.app/Contents/Tools/RoslynScripts</CscToolPath>
[C# Project]   006:     <CscToolExe>unity_csc.sh</CscToolExe>
[C# Project]   007:   </PropertyGroup>
[C# Project]   008:   <PropertyGroup>
[C# Project]   009:     <Configuration Condition=" '$(Configuration)' == '' ">Debug</Configuration>

[C# Project] New /Users/clarkmahaffey/Downloads/PiratePurgatory/Unity.PlasticSCM.EditorTests.csproj:
[C# Project]   005:     <CscToolPath>/Applications/Unity/Hub/Editor/2020.3.33f1/Unity.app/Contents/Tools/RoslynScripts</CscToolPath>
[C# Project]   006:     <CscToolExe>unity_csc.sh</CscToolExe>
[C# Project]   007:   </PropertyGroup>
[C# Project]   008:   <PropertyGroup>
[C# Project]   009:     <Configuration Condition=" '$(Configuration)' == '' ">Debug</Configuration>
[C# Project] Writing /Users/clarkmahaffey/Downloads/PiratePurgatory/Unity.RenderPipelines.Core.Editor.csproj because it has changed
[C# Project] First difference on line 5

[C# Project] Current /Users/clarkmahaffey/Downloads/PiratePurgatory/Unity.RenderPipelines.Core.Editor.csproj:
[C# Project]   005:     <CscToolPath>/Users/bellalyu/Documents/GT/Spring 2022/LMC2730/2020.3.33f1/Unity.app/Contents/Tools/RoslynScripts</CscToolPath>
[C# Project]   006:     <CscToolExe>unity_csc.sh</CscToolExe>
[C# Project]   007:   </PropertyGroup>
[C# Project]   008:   <PropertyGroup>
[C# Project]   009:     <Configuration Condition=" '$(Configuration)' == '' ">Debug</Configuration>

[C# Project] New /Users/clarkmahaffey/Downloads/PiratePurgatory/Unity.RenderPipelines.Core.Editor.csproj:
[C# Project]   005:     <CscToolPath>/Applications/Unity/Hub/Editor/2020.3.33f1/Unity.app/Contents/Tools/RoslynScripts</CscToolPath>
[C# Project]   006:     <CscToolExe>unity_csc.sh</CscToolExe>
[C# Project]   007:   </PropertyGroup>
[C# Project]   008:   <PropertyGroup>
[C# Project]   009:     <Configuration Condition=" '$(Configuration)' == '' ">Debug</Configuration>
[C# Project] Writing /Users/clarkmahaffey/Downloads/PiratePurgatory/Unity.Searcher.Editor.csproj because it has changed
[C# Project] First difference on line 5

[C# Project] Current /Users/clarkmahaffey/Downloads/PiratePurgatory/Unity.Searcher.Editor.csproj:
[C# Project]   005:     <CscToolPath>/Users/bellalyu/Documents/GT/Spring 2022/LMC2730/2020.3.33f1/Unity.app/Contents/Tools/RoslynScripts</CscToolPath>
[C# Project]   006:     <CscToolExe>unity_csc.sh</CscToolExe>
[C# Project]   007:   </PropertyGroup>
[C# Project]   008:   <PropertyGroup>
[C# Project]   009:     <Configuration Condition=" '$(Configuration)' == '' ">Debug</Configuration>

[C# Project] New /Users/clarkmahaffey/Downloads/PiratePurgatory/Unity.Searcher.Editor.csproj:
[C# Project]   005:     <CscToolPath>/Applications/Unity/Hub/Editor/2020.3.33f1/Unity.app/Contents/Tools/RoslynScripts</CscToolPath>
[C# Project]   006:     <CscToolExe>unity_csc.sh</CscToolExe>
[C# Project]   007:   </PropertyGroup>
[C# Project]   008:   <PropertyGroup>
[C# Project]   009:     <Configuration Condition=" '$(Configuration)' == '' ">Debug</Configuration>
[C# Project] Writing /Users/clarkmahaffey/Downloads/PiratePurgatory/Unity.CollabProxy.EditorTests.csproj because it has changed
[C# Project] First difference on line 5

[C# Project] Current /Users/clarkmahaffey/Downloads/PiratePurgatory/Unity.CollabProxy.EditorTests.csproj:
[C# Project]   005:     <CscToolPath>/Users/bellalyu/Documents/GT/Spring 2022/LMC2730/2020.3.33f1/Unity.app/Contents/Tools/RoslynScripts</CscToolPath>
[C# Project]   006:     <CscToolExe>unity_csc.sh</CscToolExe>
[C# Project]   007:   </PropertyGroup>
[C# Project]   008:   <PropertyGroup>
[C# Project]   009:     <Configuration Condition=" '$(Configuration)' == '' ">Debug</Configuration>

[C# Project] New /Users/clarkmahaffey/Downloads/PiratePurgatory/Unity.CollabProxy.EditorTests.csproj:
[C# Project]   005:     <CscToolPath>/Applications/Unity/Hub/Editor/2020.3.33f1/Unity.app/Contents/Tools/RoslynScripts</CscToolPath>
[C# Project]   006:     <CscToolExe>unity_csc.sh</CscToolExe>
[C# Project]   007:   </PropertyGroup>
[C# Project]   008:   <PropertyGroup>
[C# Project]   009:     <Configuration Condition=" '$(Configuration)' == '' ">Debug</Configuration>
[C# Project] Writing /Users/clarkmahaffey/Downloads/PiratePurgatory/Unity.VSCode.Editor.csproj because it has changed
[C# Project] First difference on line 5

[C# Project] Current /Users/clarkmahaffey/Downloads/PiratePurgatory/Unity.VSCode.Editor.csproj:
[C# Project]   005:     <CscToolPath>/Users/bellalyu/Documents/GT/Spring 2022/LMC2730/2020.3.33f1/Unity.app/Contents/Tools/RoslynScripts</CscToolPath>
[C# Project]   006:     <CscToolExe>unity_csc.sh</CscToolExe>
[C# Project]   007:   </PropertyGroup>
[C# Project]   008:   <PropertyGroup>
[C# Project]   009:     <Configuration Condition=" '$(Configuration)' == '' ">Debug</Configuration>

[C# Project] New /Users/clarkmahaffey/Downloads/PiratePurgatory/Unity.VSCode.Editor.csproj:
[C# Project]   005:     <CscToolPath>/Applications/Unity/Hub/Editor/2020.3.33f1/Unity.app/Contents/Tools/RoslynScripts</CscToolPath>
[C# Project]   006:     <CscToolExe>unity_csc.sh</CscToolExe>
[C# Project]   007:   </PropertyGroup>
[C# Project]   008:   <PropertyGroup>
[C# Project]   009:     <Configuration Condition=" '$(Configuration)' == '' ">Debug</Configuration>
[C# Project] Writing /Users/clarkmahaffey/Downloads/PiratePurgatory/UnityEditor.UI.EditorTests.csproj because it has changed
[C# Project] First difference on line 5

[C# Project] Current /Users/clarkmahaffey/Downloads/PiratePurgatory/UnityEditor.UI.EditorTests.csproj:
[C# Project]   005:     <CscToolPath>/Users/bellalyu/Documents/GT/Spring 2022/LMC2730/2020.3.33f1/Unity.app/Contents/Tools/RoslynScripts</CscToolPath>
[C# Project]   006:     <CscToolExe>unity_csc.sh</CscToolExe>
[C# Project]   007:   </PropertyGroup>
[C# Project]   008:   <PropertyGroup>
[C# Project]   009:     <Configuration Condition=" '$(Configuration)' == '' ">Debug</Configuration>

[C# Project] New /Users/clarkmahaffey/Downloads/PiratePurgatory/UnityEditor.UI.EditorTests.csproj:
[C# Project]   005:     <CscToolPath>/Applications/Unity/Hub/Editor/2020.3.33f1/Unity.app/Contents/Tools/RoslynScripts</CscToolPath>
[C# Project]   006:     <CscToolExe>unity_csc.sh</CscToolExe>
[C# Project]   007:   </PropertyGroup>
[C# Project]   008:   <PropertyGroup>
[C# Project]   009:     <Configuration Condition=" '$(Configuration)' == '' ">Debug</Configuration>
[C# Project] Writing /Users/clarkmahaffey/Downloads/PiratePurgatory/UnityEditor.UI.csproj because it has changed
[C# Project] First difference on line 5

[C# Project] Current /Users/clarkmahaffey/Downloads/PiratePurgatory/UnityEditor.UI.csproj:
[C# Project]   005:     <CscToolPath>/Users/bellalyu/Documents/GT/Spring 2022/LMC2730/2020.3.33f1/Unity.app/Contents/Tools/RoslynScripts</CscToolPath>
[C# Project]   006:     <CscToolExe>unity_csc.sh</CscToolExe>
[C# Project]   007:   </PropertyGroup>
[C# Project]   008:   <PropertyGroup>
[C# Project]   009:     <Configuration Condition=" '$(Configuration)' == '' ">Debug</Configuration>

[C# Project] New /Users/clarkmahaffey/Downloads/PiratePurgatory/UnityEditor.UI.csproj:
[C# Project]   005:     <CscToolPath>/Applications/Unity/Hub/Editor/2020.3.33f1/Unity.app/Contents/Tools/RoslynScripts</CscToolPath>
[C# Project]   006:     <CscToolExe>unity_csc.sh</CscToolExe>
[C# Project]   007:   </PropertyGroup>
[C# Project]   008:   <PropertyGroup>
[C# Project]   009:     <Configuration Condition=" '$(Configuration)' == '' ">Debug</Configuration>
[C# Project] Writing /Users/clarkmahaffey/Downloads/PiratePurgatory/Unity.RenderPipelines.HighDefinition.Editor.Tests.csproj because it has changed
[C# Project] First difference on line 5

[C# Project] Current /Users/clarkmahaffey/Downloads/PiratePurgatory/Unity.RenderPipelines.HighDefinition.Editor.Tests.csproj:
[C# Project]   005:     <CscToolPath>/Users/bellalyu/Documents/GT/Spring 2022/LMC2730/2020.3.33f1/Unity.app/Contents/Tools/RoslynScripts</CscToolPath>
[C# Project]   006:     <CscToolExe>unity_csc.sh</CscToolExe>
[C# Project]   007:   </PropertyGroup>
[C# Project]   008:   <PropertyGroup>
[C# Project]   009:     <Configuration Condition=" '$(Configuration)' == '' ">Debug</Configuration>

[C# Project] New /Users/clarkmahaffey/Downloads/PiratePurgatory/Unity.RenderPipelines.HighDefinition.Editor.Tests.csproj:
[C# Project]   005:     <CscToolPath>/Applications/Unity/Hub/Editor/2020.3.33f1/Unity.app/Contents/Tools/RoslynScripts</CscToolPath>
[C# Project]   006:     <CscToolExe>unity_csc.sh</CscToolExe>
[C# Project]   007:   </PropertyGroup>
[C# Project]   008:   <PropertyGroup>
[C# Project]   009:     <Configuration Condition=" '$(Configuration)' == '' ">Debug</Configuration>
[C# Project] Writing /Users/clarkmahaffey/Downloads/PiratePurgatory/Unity.RenderPipelines.Core.Editor.Tests.csproj because it has changed
[C# Project] First difference on line 5

[C# Project] Current /Users/clarkmahaffey/Downloads/PiratePurgatory/Unity.RenderPipelines.Core.Editor.Tests.csproj:
[C# Project]   005:     <CscToolPath>/Users/bellalyu/Documents/GT/Spring 2022/LMC2730/2020.3.33f1/Unity.app/Contents/Tools/RoslynScripts</CscToolPath>
[C# Project]   006:     <CscToolExe>unity_csc.sh</CscToolExe>
[C# Project]   007:   </PropertyGroup>
[C# Project]   008:   <PropertyGroup>
[C# Project]   009:     <Configuration Condition=" '$(Configuration)' == '' ">Debug</Configuration>

[C# Project] New /Users/clarkmahaffey/Downloads/PiratePurgatory/Unity.RenderPipelines.Core.Editor.Tests.csproj:
[C# Project]   005:     <CscToolPath>/Applications/Unity/Hub/Editor/2020.3.33f1/Unity.app/Contents/Tools/RoslynScripts</CscToolPath>
[C# Project]   006:     <CscToolExe>unity_csc.sh</CscToolExe>
[C# Project]   007:   </PropertyGroup>
[C# Project]   008:   <PropertyGroup>
[C# Project]   009:     <Configuration Condition=" '$(Configuration)' == '' ">Debug</Configuration>
[C# Project] Writing /Users/clarkmahaffey/Downloads/PiratePurgatory/Unity.Searcher.EditorTests.csproj because it has changed
[C# Project] First difference on line 5

[C# Project] Current /Users/clarkmahaffey/Downloads/PiratePurgatory/Unity.Searcher.EditorTests.csproj:
[C# Project]   005:     <CscToolPath>/Users/bellalyu/Documents/GT/Spring 2022/LMC2730/2020.3.33f1/Unity.app/Contents/Tools/RoslynScripts</CscToolPath>
[C# Project]   006:     <CscToolExe>unity_csc.sh</CscToolExe>
[C# Project]   007:   </PropertyGroup>
[C# Project]   008:   <PropertyGroup>
[C# Project]   009:     <Configuration Condition=" '$(Configuration)' == '' ">Debug</Configuration>

[C# Project] New /Users/clarkmahaffey/Downloads/PiratePurgatory/Unity.Searcher.EditorTests.csproj:
[C# Project]   005:     <CscToolPath>/Applications/Unity/Hub/Editor/2020.3.33f1/Unity.app/Contents/Tools/RoslynScripts</CscToolPath>
[C# Project]   006:     <CscToolExe>unity_csc.sh</CscToolExe>
[C# Project]   007:   </PropertyGroup>
[C# Project]   008:   <PropertyGroup>
[C# Project]   009:     <Configuration Condition=" '$(Configuration)' == '' ">Debug</Configuration>
[C# Project] Writing /Users/clarkmahaffey/Downloads/PiratePurgatory/Unity.RenderPipelines.HighDefinitionConfig.Editor.Tests.csproj because it has changed
[C# Project] First difference on line 5

[C# Project] Current /Users/clarkmahaffey/Downloads/PiratePurgatory/Unity.RenderPipelines.HighDefinitionConfig.Editor.Tests.csproj:
[C# Project]   005:     <CscToolPath>/Users/bellalyu/Documents/GT/Spring 2022/LMC2730/2020.3.33f1/Unity.app/Contents/Tools/RoslynScripts</CscToolPath>
[C# Project]   006:     <CscToolExe>unity_csc.sh</CscToolExe>
[C# Project]   007:   </PropertyGroup>
[C# Project]   008:   <PropertyGroup>
[C# Project]   009:     <Configuration Condition=" '$(Configuration)' == '' ">Debug</Configuration>

[C# Project] New /Users/clarkmahaffey/Downloads/PiratePurgatory/Unity.RenderPipelines.HighDefinitionConfig.Editor.Tests.csproj:
[C# Project]   005:     <CscToolPath>/Applications/Unity/Hub/Editor/2020.3.33f1/Unity.app/Contents/Tools/RoslynScripts</CscToolPath>
[C# Project]   006:     <CscToolExe>unity_csc.sh</CscToolExe>
[C# Project]   007:   </PropertyGroup>
[C# Project]   008:   <PropertyGroup>
[C# Project]   009:     <Configuration Condition=" '$(Configuration)' == '' ">Debug</Configuration>
[C# Project] Writing /Users/clarkmahaffey/Downloads/PiratePurgatory/com.unity.cinemachine.EditorTests.csproj because it has changed
[C# Project] First difference on line 5

[C# Project] Current /Users/clarkmahaffey/Downloads/PiratePurgatory/com.unity.cinemachine.EditorTests.csproj:
[C# Project]   005:     <CscToolPath>/Users/bellalyu/Documents/GT/Spring 2022/LMC2730/2020.3.33f1/Unity.app/Contents/Tools/RoslynScripts</CscToolPath>
[C# Project]   006:     <CscToolExe>unity_csc.sh</CscToolExe>
[C# Project]   007:   </PropertyGroup>
[C# Project]   008:   <PropertyGroup>
[C# Project]   009:     <Configuration Condition=" '$(Configuration)' == '' ">Debug</Configuration>

[C# Project] New /Users/clarkmahaffey/Downloads/PiratePurgatory/com.unity.cinemachine.EditorTests.csproj:
[C# Project]   005:     <CscToolPath>/Applications/Unity/Hub/Editor/2020.3.33f1/Unity.app/Contents/Tools/RoslynScripts</CscToolPath>
[C# Project]   006:     <CscToolExe>unity_csc.sh</CscToolExe>
[C# Project]   007:   </PropertyGroup>
[C# Project]   008:   <PropertyGroup>
[C# Project]   009:     <Configuration Condition=" '$(Configuration)' == '' ">Debug</Configuration>
[C# Project] Writing /Users/clarkmahaffey/Downloads/PiratePurgatory/Assembly-CSharp-Editor-firstpass.csproj because it has changed
[C# Project] First difference on line 650

[C# Project] Current /Users/clarkmahaffey/Downloads/PiratePurgatory/Assembly-CSharp-Editor-firstpass.csproj:
[C# Project]   650:  <Reference Include="UnityEngine.TestRunner">
[C# Project]   651:  <HintPath>/Users/clarkmahaffey/Downloads/PiratePurgatory/Library/ScriptAssemblies/UnityEngine.TestRunner.dll</HintPath>
[C# Project]   652:  </Reference>
[C# Project]   653:  <Reference Include="UnityEditor.TestRunner">
[C# Project]   654:  <HintPath>/Users/clarkmahaffey/Downloads/PiratePurgatory/Library/ScriptAssemblies/UnityEditor.TestRunner.dll</HintPath>

[C# Project] New /Users/clarkmahaffey/Downloads/PiratePurgatory/Assembly-CSharp-Editor-firstpass.csproj:
[C# Project]   650:   </ItemGroup>
[C# Project]   651:   <ItemGroup>
[C# Project]   652:     <ProjectReference Include="Assembly-CSharp-firstpass.csproj">
[C# Project]   653:       <Project>{953AC210-2F58-65FF-E20B-F38C56C6A990}</Project>
[C# Project]   654:       <Name>Assembly-CSharp-firstpass</Name>
[C# Project] Writing /Users/clarkmahaffey/Downloads/PiratePurgatory/Unity.ShaderGraph.Utilities.csproj because it has changed
[C# Project] First difference on line 5

[C# Project] Current /Users/clarkmahaffey/Downloads/PiratePurgatory/Unity.ShaderGraph.Utilities.csproj:
[C# Project]   005:     <CscToolPath>/Users/bellalyu/Documents/GT/Spring 2022/LMC2730/2020.3.33f1/Unity.app/Contents/Tools/RoslynScripts</CscToolPath>
[C# Project]   006:     <CscToolExe>unity_csc.sh</CscToolExe>
[C# Project]   007:   </PropertyGroup>
[C# Project]   008:   <PropertyGroup>
[C# Project]   009:     <Configuration Condition=" '$(Configuration)' == '' ">Debug</Configuration>

[C# Project] New /Users/clarkmahaffey/Downloads/PiratePurgatory/Unity.ShaderGraph.Utilities.csproj:
[C# Project]   005:     <CscToolPath>/Applications/Unity/Hub/Editor/2020.3.33f1/Unity.app/Contents/Tools/RoslynScripts</CscToolPath>
[C# Project]   006:     <CscToolExe>unity_csc.sh</CscToolExe>
[C# Project]   007:   </PropertyGroup>
[C# Project]   008:   <PropertyGroup>
[C# Project]   009:     <Configuration Condition=" '$(Configuration)' == '' ">Debug</Configuration>
[C# Project] Writing /Users/clarkmahaffey/Downloads/PiratePurgatory/Unity.VisualEffectGraph.Editor.Tests.csproj because it has changed
[C# Project] First difference on line 5

[C# Project] Current /Users/clarkmahaffey/Downloads/PiratePurgatory/Unity.VisualEffectGraph.Editor.Tests.csproj:
[C# Project]   005:     <CscToolPath>/Users/bellalyu/Documents/GT/Spring 2022/LMC2730/2020.3.33f1/Unity.app/Contents/Tools/RoslynScripts</CscToolPath>
[C# Project]   006:     <CscToolExe>unity_csc.sh</CscToolExe>
[C# Project]   007:   </PropertyGroup>
[C# Project]   008:   <PropertyGroup>
[C# Project]   009:     <Configuration Condition=" '$(Configuration)' == '' ">Debug</Configuration>

[C# Project] New /Users/clarkmahaffey/Downloads/PiratePurgatory/Unity.VisualEffectGraph.Editor.Tests.csproj:
[C# Project]   005:     <CscToolPath>/Applications/Unity/Hub/Editor/2020.3.33f1/Unity.app/Contents/Tools/RoslynScripts</CscToolPath>
[C# Project]   006:     <CscToolExe>unity_csc.sh</CscToolExe>
[C# Project]   007:   </PropertyGroup>
[C# Project]   008:   <PropertyGroup>
[C# Project]   009:     <Configuration Condition=" '$(Configuration)' == '' ">Debug</Configuration>
[C# Project] Writing /Users/clarkmahaffey/Downloads/PiratePurgatory/Unity.TextMeshPro.Editor.Tests.csproj because it has changed
[C# Project] First difference on line 5

[C# Project] Current /Users/clarkmahaffey/Downloads/PiratePurgatory/Unity.TextMeshPro.Editor.Tests.csproj:
[C# Project]   005:     <CscToolPath>/Users/bellalyu/Documents/GT/Spring 2022/LMC2730/2020.3.33f1/Unity.app/Contents/Tools/RoslynScripts</CscToolPath>
[C# Project]   006:     <CscToolExe>unity_csc.sh</CscToolExe>
[C# Project]   007:   </PropertyGroup>
[C# Project]   008:   <PropertyGroup>
[C# Project]   009:     <Configuration Condition=" '$(Configuration)' == '' ">Debug</Configuration>

[C# Project] New /Users/clarkmahaffey/Downloads/PiratePurgatory/Unity.TextMeshPro.Editor.Tests.csproj:
[C# Project]   005:     <CscToolPath>/Applications/Unity/Hub/Editor/2020.3.33f1/Unity.app/Contents/Tools/RoslynScripts</CscToolPath>
[C# Project]   006:     <CscToolExe>unity_csc.sh</CscToolExe>
[C# Project]   007:   </PropertyGroup>
[C# Project]   008:   <PropertyGroup>
[C# Project]   009:     <Configuration Condition=" '$(Configuration)' == '' ">Debug</Configuration>
========================================================================
Worker process is ready to serve import requests
Refreshing native plugins compatible for Editor in 1.47 ms, found 2 plugins.
Preloading 0 native plugins for Editor in 0.00 ms.
Unloading 4415 Unused Serialized files (Serialized files now loaded: 0)
System memory in use before: 377.0 MB.
System memory in use after: 376.2 MB.

Unloading 340 unused Assets to reduce memory usage. Loaded Objects now: 4908.
Total: 4.805501 ms (FindLiveObjects: 0.354067 ms CreateObjectMapping: 0.256278 ms MarkObjects: 3.499448 ms  DeleteObjects: 0.694663 ms)

AssetImportParameters requested are different than current active one (requested -> active):
  custom:video-decoder-ogg-theora: a1e56fd34408186e4bbccfd4996cb3dc -> 
  custom:container-muxer-webm: aa71ff27fc2769a1b78a27578f13a17b -> 
  custom:container-demuxer-webm: 4f35f7cbe854078d1ac9338744f61a02 -> 
  custom:container-demuxer-ogg: 62fdf1f143b41e24485cea50d1cbac27 -> 
  custom:video-encoder-webm-vp8: eb34c28f22e8b96e1ab97ce403110664 -> 
  custom:framework-osx-AVFoundation: b23960f63f64bdc6ff669e2cdcee2391 -> 
  custom:video-decoder-webm-vp8: 9c59270c3fd7afecdb556c50c9e8de78 -> 
  custom:audio-decoder-ogg-vorbis: bf7c407c2cedff20999df2af8eb42d56 -> 
  custom:audio-encoder-webm-vorbis: bf7c407c2cedff20999df2af8eb42d56 -> 
========================================================================
Received Import Request.
  path: Assets/Objects/Prefabs/Fade.prefab
  artifactKey: Guid(44713dcf9567d454a87738da8f6a8d61) Importer(815301076,1909f56bfc062723c751e8b465ee728b)
Start importing Assets/Objects/Prefabs/Fade.prefab using Guid(44713dcf9567d454a87738da8f6a8d61) Importer(815301076,1909f56bfc062723c751e8b465ee728b)  -> (artifact id: 'bd35d2f23681828b14e6c527123c3ca1') in 0.284960 seconds 
========================================================================
Received Prepare
Registering precompiled user dll's ...
Registered in 0.002942 seconds.
Begin MonoManager ReloadAssembly
Symbol file LoadedFromMemory doesn't match image /Users/clarkmahaffey/Downloads/PiratePurgatory/Library/PackageCache/com.unity.collab-proxy@1.15.15/Lib/Editor/PlasticSCM/unityplastic.dll
Native extension for OSXStandalone target not found
Refreshing native plugins compatible for Editor in 1.21 ms, found 2 plugins.
Preloading 0 native plugins for Editor in 0.00 ms.
Mono: successfully reloaded assembly
- Completed reload, in  2.024 seconds
Domain Reload Profiling:
	ReloadAssembly (2025ms)
		BeginReloadAssembly (200ms)
			ExecutionOrderSort (0ms)
			DisableScriptedObjects (7ms)
			BackupInstance (0ms)
			ReleaseScriptingObjects (0ms)
			CreateAndSetChildDomain (112ms)
		EndReloadAssembly (1731ms)
			LoadAssemblies (122ms)
			RebuildTransferFunctionScriptingTraits (0ms)
			SetupTypeCache (581ms)
			ReleaseScriptCaches (2ms)
			RebuildScriptCaches (125ms)
			SetupLoadedEditorAssemblies (593ms)
				LogAssemblyErrors (0ms)
				InitializePlatformSupportModulesInManaged (4ms)
				SetLoadedEditorAssemblies (1ms)
				RefreshPlugins (1ms)
				BeforeProcessingInitializeOnLoad (164ms)
				ProcessInitializeOnLoadAttributes (405ms)
				ProcessInitializeOnLoadMethodAttributes (15ms)
				AfterProcessingInitializeOnLoad (1ms)
				EditorAssembliesLoaded (0ms)
			ExecutionOrderSort2 (0ms)
			AwakeInstancesAfterBackupRestoration (23ms)
Platform modules already initialized, skipping
Refreshing native plugins compatible for Editor in 1.17 ms, found 2 plugins.
Preloading 0 native plugins for Editor in 0.00 ms.
Unloading 4078 Unused Serialized files (Serialized files now loaded: 0)
System memory in use before: 361.7 MB.
System memory in use after: 361.4 MB.

Unloading 17 unused Assets to reduce memory usage. Loaded Objects now: 4912.
Total: 5.358007 ms (FindLiveObjects: 0.482717 ms CreateObjectMapping: 0.272925 ms MarkObjects: 4.071432 ms  DeleteObjects: 0.530241 ms)

AssetImportParameters requested are different than current active one (requested -> active):
  custom:video-decoder-ogg-theora: a1e56fd34408186e4bbccfd4996cb3dc -> 
  custom:container-muxer-webm: aa71ff27fc2769a1b78a27578f13a17b -> 
  custom:container-demuxer-webm: 4f35f7cbe854078d1ac9338744f61a02 -> 
  custom:container-demuxer-ogg: 62fdf1f143b41e24485cea50d1cbac27 -> 
  custom:video-encoder-webm-vp8: eb34c28f22e8b96e1ab97ce403110664 -> 
  custom:framework-osx-AVFoundation: b23960f63f64bdc6ff669e2cdcee2391 -> 
  custom:video-decoder-webm-vp8: 9c59270c3fd7afecdb556c50c9e8de78 -> 
  custom:audio-decoder-ogg-vorbis: bf7c407c2cedff20999df2af8eb42d56 -> 
  custom:audio-encoder-webm-vorbis: bf7c407c2cedff20999df2af8eb42d56 -> 
========================================================================
Received Prepare
Registering precompiled user dll's ...
Registered in 0.007979 seconds.
Begin MonoManager ReloadAssembly
Symbol file LoadedFromMemory doesn't match image /Users/clarkmahaffey/Downloads/PiratePurgatory/Library/PackageCache/com.unity.collab-proxy@1.15.15/Lib/Editor/PlasticSCM/unityplastic.dll
Native extension for OSXStandalone target not found
Refreshing native plugins compatible for Editor in 1.17 ms, found 2 plugins.
Preloading 0 native plugins for Editor in 0.00 ms.
Mono: successfully reloaded assembly
- Completed reload, in  1.885 seconds
Domain Reload Profiling:
	ReloadAssembly (1885ms)
		BeginReloadAssembly (196ms)
			ExecutionOrderSort (0ms)
			DisableScriptedObjects (5ms)
			BackupInstance (0ms)
			ReleaseScriptingObjects (0ms)
			CreateAndSetChildDomain (81ms)
		EndReloadAssembly (1625ms)
			LoadAssemblies (225ms)
			RebuildTransferFunctionScriptingTraits (0ms)
			SetupTypeCache (614ms)
			ReleaseScriptCaches (2ms)
			RebuildScriptCaches (98ms)
			SetupLoadedEditorAssemblies (470ms)
				LogAssemblyErrors (0ms)
				InitializePlatformSupportModulesInManaged (4ms)
				SetLoadedEditorAssemblies (1ms)
				RefreshPlugins (1ms)
				BeforeProcessingInitializeOnLoad (129ms)
				ProcessInitializeOnLoadAttributes (319ms)
				ProcessInitializeOnLoadMethodAttributes (16ms)
				AfterProcessingInitializeOnLoad (1ms)
				EditorAssembliesLoaded (0ms)
			ExecutionOrderSort2 (0ms)
			AwakeInstancesAfterBackupRestoration (18ms)
Platform modules already initialized, skipping
Refreshing native plugins compatible for Editor in 1.05 ms, found 2 plugins.
Preloading 0 native plugins for Editor in 0.00 ms.
Unloading 4078 Unused Serialized files (Serialized files now loaded: 0)
System memory in use before: 361.8 MB.
System memory in use after: 361.5 MB.

Unloading 16 unused Assets to reduce memory usage. Loaded Objects now: 4915.
Total: 4.120260 ms (FindLiveObjects: 0.278484 ms CreateObjectMapping: 0.169586 ms MarkObjects: 3.124335 ms  DeleteObjects: 0.546903 ms)

AssetImportParameters requested are different than current active one (requested -> active):
  custom:video-decoder-ogg-theora: a1e56fd34408186e4bbccfd4996cb3dc -> 
  custom:container-muxer-webm: aa71ff27fc2769a1b78a27578f13a17b -> 
  custom:container-demuxer-webm: 4f35f7cbe854078d1ac9338744f61a02 -> 
  custom:container-demuxer-ogg: 62fdf1f143b41e24485cea50d1cbac27 -> 
  custom:video-encoder-webm-vp8: eb34c28f22e8b96e1ab97ce403110664 -> 
  custom:framework-osx-AVFoundation: b23960f63f64bdc6ff669e2cdcee2391 -> 
  custom:video-decoder-webm-vp8: 9c59270c3fd7afecdb556c50c9e8de78 -> 
  custom:audio-decoder-ogg-vorbis: bf7c407c2cedff20999df2af8eb42d56 -> 
  custom:audio-encoder-webm-vorbis: bf7c407c2cedff20999df2af8eb42d56 -> 
========================================================================
Received Prepare
Registering precompiled user dll's ...
Registered in 0.001743 seconds.
Begin MonoManager ReloadAssembly
Symbol file LoadedFromMemory doesn't match image /Users/clarkmahaffey/Downloads/PiratePurgatory/Library/PackageCache/com.unity.collab-proxy@1.15.15/Lib/Editor/PlasticSCM/unityplastic.dll
Native extension for OSXStandalone target not found
Refreshing native plugins compatible for Editor in 1.55 ms, found 2 plugins.
Preloading 0 native plugins for Editor in 0.00 ms.
Mono: successfully reloaded assembly
- Completed reload, in  3.335 seconds
Domain Reload Profiling:
	ReloadAssembly (3336ms)
		BeginReloadAssembly (320ms)
			ExecutionOrderSort (0ms)
			DisableScriptedObjects (13ms)
			BackupInstance (0ms)
			ReleaseScriptingObjects (0ms)
			CreateAndSetChildDomain (188ms)
		EndReloadAssembly (2863ms)
			LoadAssemblies (184ms)
			RebuildTransferFunctionScriptingTraits (0ms)
			SetupTypeCache (989ms)
			ReleaseScriptCaches (3ms)
			RebuildScriptCaches (204ms)
			SetupLoadedEditorAssemblies (983ms)
				LogAssemblyErrors (0ms)
				InitializePlatformSupportModulesInManaged (7ms)
				SetLoadedEditorAssemblies (1ms)
				RefreshPlugins (2ms)
				BeforeProcessingInitializeOnLoad (265ms)
				ProcessInitializeOnLoadAttributes (677ms)
				ProcessInitializeOnLoadMethodAttributes (28ms)
				AfterProcessingInitializeOnLoad (2ms)
				EditorAssembliesLoaded (0ms)
			ExecutionOrderSort2 (0ms)
			AwakeInstancesAfterBackupRestoration (38ms)
Platform modules already initialized, skipping
Refreshing native plugins compatible for Editor in 1.52 ms, found 2 plugins.
Preloading 0 native plugins for Editor in 0.00 ms.
Unloading 4078 Unused Serialized files (Serialized files now loaded: 0)
System memory in use before: 362.1 MB.
System memory in use after: 361.8 MB.

Unloading 16 unused Assets to reduce memory usage. Loaded Objects now: 4918.
Total: 8.583397 ms (FindLiveObjects: 0.530548 ms CreateObjectMapping: 0.391805 ms MarkObjects: 6.782939 ms  DeleteObjects: 0.876488 ms)

AssetImportParameters requested are different than current active one (requested -> active):
  custom:video-decoder-ogg-theora: a1e56fd34408186e4bbccfd4996cb3dc -> 
  custom:container-muxer-webm: aa71ff27fc2769a1b78a27578f13a17b -> 
  custom:container-demuxer-webm: 4f35f7cbe854078d1ac9338744f61a02 -> 
  custom:container-demuxer-ogg: 62fdf1f143b41e24485cea50d1cbac27 -> 
  custom:video-encoder-webm-vp8: eb34c28f22e8b96e1ab97ce403110664 -> 
  custom:framework-osx-AVFoundation: b23960f63f64bdc6ff669e2cdcee2391 -> 
  custom:video-decoder-webm-vp8: 9c59270c3fd7afecdb556c50c9e8de78 -> 
  custom:audio-decoder-ogg-vorbis: bf7c407c2cedff20999df2af8eb42d56 -> 
  custom:audio-encoder-webm-vorbis: bf7c407c2cedff20999df2af8eb42d56 -> 
========================================================================
Received Prepare
Registering precompiled user dll's ...
Registered in 0.008975 seconds.
Begin MonoManager ReloadAssembly
Symbol file LoadedFromMemory doesn't match image /Users/clarkmahaffey/Downloads/PiratePurgatory/Library/PackageCache/com.unity.collab-proxy@1.15.15/Lib/Editor/PlasticSCM/unityplastic.dll
Native extension for OSXStandalone target not found
Refreshing native plugins compatible for Editor in 3.43 ms, found 2 plugins.
Preloading 0 native plugins for Editor in 0.00 ms.
Mono: successfully reloaded assembly
- Completed reload, in  2.908 seconds
Domain Reload Profiling:
	ReloadAssembly (2909ms)
		BeginReloadAssembly (266ms)
			ExecutionOrderSort (0ms)
			DisableScriptedObjects (7ms)
			BackupInstance (0ms)
			ReleaseScriptingObjects (0ms)
			CreateAndSetChildDomain (118ms)
		EndReloadAssembly (2546ms)
			LoadAssemblies (234ms)
			RebuildTransferFunctionScriptingTraits (0ms)
			SetupTypeCache (709ms)
			ReleaseScriptCaches (2ms)
			RebuildScriptCaches (143ms)
			SetupLoadedEditorAssemblies (1096ms)
				LogAssemblyErrors (0ms)
				InitializePlatformSupportModulesInManaged (7ms)
				SetLoadedEditorAssemblies (1ms)
				RefreshPlugins (4ms)
				BeforeProcessingInitializeOnLoad (257ms)
				ProcessInitializeOnLoadAttributes (804ms)
				ProcessInitializeOnLoadMethodAttributes (20ms)
				AfterProcessingInitializeOnLoad (2ms)
				EditorAssembliesLoaded (0ms)
			ExecutionOrderSort2 (0ms)
			AwakeInstancesAfterBackupRestoration (28ms)
Platform modules already initialized, skipping
Refreshing native plugins compatible for Editor in 3.11 ms, found 2 plugins.
Preloading 0 native plugins for Editor in 0.00 ms.
Unloading 4078 Unused Serialized files (Serialized files now loaded: 0)
System memory in use before: 362.3 MB.
System memory in use after: 362.1 MB.

Unloading 16 unused Assets to reduce memory usage. Loaded Objects now: 4921.
Total: 7.485224 ms (FindLiveObjects: 0.502122 ms CreateObjectMapping: 0.271815 ms MarkObjects: 6.047268 ms  DeleteObjects: 0.661944 ms)

AssetImportParameters requested are different than current active one (requested -> active):
  custom:video-decoder-ogg-theora: a1e56fd34408186e4bbccfd4996cb3dc -> 
  custom:container-muxer-webm: aa71ff27fc2769a1b78a27578f13a17b -> 
  custom:container-demuxer-webm: 4f35f7cbe854078d1ac9338744f61a02 -> 
  custom:container-demuxer-ogg: 62fdf1f143b41e24485cea50d1cbac27 -> 
  custom:video-encoder-webm-vp8: eb34c28f22e8b96e1ab97ce403110664 -> 
  custom:framework-osx-AVFoundation: b23960f63f64bdc6ff669e2cdcee2391 -> 
  custom:video-decoder-webm-vp8: 9c59270c3fd7afecdb556c50c9e8de78 -> 
  custom:audio-decoder-ogg-vorbis: bf7c407c2cedff20999df2af8eb42d56 -> 
  custom:audio-encoder-webm-vorbis: bf7c407c2cedff20999df2af8eb42d56 -> 
AssetImportWorkerClient::OnTransportError - code=2 error=End of file
